Analysis & Synthesis report for controlador
Fri May 07 13:00:48 2021
Quartus II 64-Bit Version 13.0.1 Build 232 06/12/2013 Service Pack 1 SJ Web Edition


---------------------
; Table of Contents ;
---------------------
  1. Legal Notice
  2. Analysis & Synthesis Summary
  3. Analysis & Synthesis Settings
  4. Parallel Compilation
  5. Analysis & Synthesis Source Files Read
  6. Analysis & Synthesis Resource Usage Summary
  7. Analysis & Synthesis Resource Utilization by Entity
  8. State Machine - |controlador|state
  9. User-Specified and Inferred Latches
 10. General Register Statistics
 11. Multiplexer Restructuring Statistics (Restructuring Performed)
 12. Elapsed Time Per Partition
 13. Analysis & Synthesis Messages



----------------
; Legal Notice ;
----------------
Copyright (C) 1991-2013 Altera Corporation
Your use of Altera Corporation's design tools, logic functions 
and other software and tools, and its AMPP partner logic 
functions, and any output files from any of the foregoing 
(including device programming or simulation files), and any 
associated documentation or information are expressly subject 
to the terms and conditions of the Altera Program License 
Subscription Agreement, Altera MegaCore Function License 
Agreement, or other applicable license agreement, including, 
without limitation, that your use is for the sole purpose of 
programming logic devices manufactured by Altera and sold by 
Altera or its authorized distributors.  Please refer to the 
applicable agreement for further details.



+--------------------------------------------------------------------------------------+
; Analysis & Synthesis Summary                                                         ;
+------------------------------------+-------------------------------------------------+
; Analysis & Synthesis Status        ; Successful - Fri May 07 13:00:48 2021           ;
; Quartus II 64-Bit Version          ; 13.0.1 Build 232 06/12/2013 SP 1 SJ Web Edition ;
; Revision Name                      ; controlador                                     ;
; Top-level Entity Name              ; controlador                                     ;
; Family                             ; Cyclone II                                      ;
; Total logic elements               ; 147                                             ;
;     Total combinational functions  ; 145                                             ;
;     Dedicated logic registers      ; 21                                              ;
; Total registers                    ; 21                                              ;
; Total pins                         ; 70                                              ;
; Total virtual pins                 ; 0                                               ;
; Total memory bits                  ; 0                                               ;
; Embedded Multiplier 9-bit elements ; 0                                               ;
; Total PLLs                         ; 0                                               ;
+------------------------------------+-------------------------------------------------+


+----------------------------------------------------------------------------------------------------------------------+
; Analysis & Synthesis Settings                                                                                        ;
+----------------------------------------------------------------------------+--------------------+--------------------+
; Option                                                                     ; Setting            ; Default Value      ;
+----------------------------------------------------------------------------+--------------------+--------------------+
; Device                                                                     ; EP2C5AF256A7       ;                    ;
; Top-level entity name                                                      ; controlador        ; controlador        ;
; Family name                                                                ; Cyclone II         ; Cyclone IV GX      ;
; Use smart compilation                                                      ; Off                ; Off                ;
; Enable parallel Assembler and TimeQuest Timing Analyzer during compilation ; On                 ; On                 ;
; Enable compact report table                                                ; Off                ; Off                ;
; Restructure Multiplexers                                                   ; Auto               ; Auto               ;
; Create Debugging Nodes for IP Cores                                        ; Off                ; Off                ;
; Preserve fewer node names                                                  ; On                 ; On                 ;
; Disable OpenCore Plus hardware evaluation                                  ; Off                ; Off                ;
; Verilog Version                                                            ; Verilog_2001       ; Verilog_2001       ;
; VHDL Version                                                               ; VHDL_1993          ; VHDL_1993          ;
; State Machine Processing                                                   ; Auto               ; Auto               ;
; Safe State Machine                                                         ; Off                ; Off                ;
; Extract Verilog State Machines                                             ; On                 ; On                 ;
; Extract VHDL State Machines                                                ; On                 ; On                 ;
; Ignore Verilog initial constructs                                          ; Off                ; Off                ;
; Iteration limit for constant Verilog loops                                 ; 5000               ; 5000               ;
; Iteration limit for non-constant Verilog loops                             ; 250                ; 250                ;
; Add Pass-Through Logic to Inferred RAMs                                    ; On                 ; On                 ;
; Infer RAMs from Raw Logic                                                  ; On                 ; On                 ;
; Parallel Synthesis                                                         ; On                 ; On                 ;
; DSP Block Balancing                                                        ; Auto               ; Auto               ;
; NOT Gate Push-Back                                                         ; On                 ; On                 ;
; Power-Up Don't Care                                                        ; On                 ; On                 ;
; Remove Redundant Logic Cells                                               ; Off                ; Off                ;
; Remove Duplicate Registers                                                 ; On                 ; On                 ;
; Ignore CARRY Buffers                                                       ; Off                ; Off                ;
; Ignore CASCADE Buffers                                                     ; Off                ; Off                ;
; Ignore GLOBAL Buffers                                                      ; Off                ; Off                ;
; Ignore ROW GLOBAL Buffers                                                  ; Off                ; Off                ;
; Ignore LCELL Buffers                                                       ; Off                ; Off                ;
; Ignore SOFT Buffers                                                        ; On                 ; On                 ;
; Limit AHDL Integers to 32 Bits                                             ; Off                ; Off                ;
; Optimization Technique                                                     ; Balanced           ; Balanced           ;
; Carry Chain Length                                                         ; 70                 ; 70                 ;
; Auto Carry Chains                                                          ; On                 ; On                 ;
; Auto Open-Drain Pins                                                       ; On                 ; On                 ;
; Perform WYSIWYG Primitive Resynthesis                                      ; Off                ; Off                ;
; Auto ROM Replacement                                                       ; On                 ; On                 ;
; Auto RAM Replacement                                                       ; On                 ; On                 ;
; Auto Shift Register Replacement                                            ; Auto               ; Auto               ;
; Allow Shift Register Merging across Hierarchies                            ; Auto               ; Auto               ;
; Auto Clock Enable Replacement                                              ; On                 ; On                 ;
; Strict RAM Replacement                                                     ; Off                ; Off                ;
; Allow Synchronous Control Signals                                          ; On                 ; On                 ;
; Force Use of Synchronous Clear Signals                                     ; Off                ; Off                ;
; Auto RAM to Logic Cell Conversion                                          ; Off                ; Off                ;
; Auto Resource Sharing                                                      ; Off                ; Off                ;
; Allow Any RAM Size For Recognition                                         ; Off                ; Off                ;
; Allow Any ROM Size For Recognition                                         ; Off                ; Off                ;
; Allow Any Shift Register Size For Recognition                              ; Off                ; Off                ;
; Use LogicLock Constraints during Resource Balancing                        ; On                 ; On                 ;
; Ignore translate_off and synthesis_off directives                          ; Off                ; Off                ;
; Timing-Driven Synthesis                                                    ; Off                ; Off                ;
; Report Parameter Settings                                                  ; On                 ; On                 ;
; Report Source Assignments                                                  ; On                 ; On                 ;
; Report Connectivity Checks                                                 ; On                 ; On                 ;
; Ignore Maximum Fan-Out Assignments                                         ; Off                ; Off                ;
; Synchronization Register Chain Length                                      ; 2                  ; 2                  ;
; PowerPlay Power Optimization                                               ; Normal compilation ; Normal compilation ;
; HDL message level                                                          ; Level2             ; Level2             ;
; Suppress Register Optimization Related Messages                            ; Off                ; Off                ;
; Number of Removed Registers Reported in Synthesis Report                   ; 5000               ; 5000               ;
; Number of Swept Nodes Reported in Synthesis Report                         ; 5000               ; 5000               ;
; Number of Inverted Registers Reported in Synthesis Report                  ; 100                ; 100                ;
; Clock MUX Protection                                                       ; On                 ; On                 ;
; Auto Gated Clock Conversion                                                ; Off                ; Off                ;
; Block Design Naming                                                        ; Auto               ; Auto               ;
; SDC constraint protection                                                  ; Off                ; Off                ;
; Synthesis Effort                                                           ; Auto               ; Auto               ;
; Shift Register Replacement - Allow Asynchronous Clear Signal               ; On                 ; On                 ;
; Pre-Mapping Resynthesis Optimization                                       ; Off                ; Off                ;
; Analysis & Synthesis Message Level                                         ; Medium             ; Medium             ;
; Disable Register Merging Across Hierarchies                                ; Auto               ; Auto               ;
; Resource Aware Inference For Block RAM                                     ; On                 ; On                 ;
; Synthesis Seed                                                             ; 1                  ; 1                  ;
+----------------------------------------------------------------------------+--------------------+--------------------+


Parallel compilation was disabled, but you have multiple processors available. Enable parallel compilation to reduce compilation time.
+-------------------------------------+
; Parallel Compilation                ;
+----------------------------+--------+
; Processors                 ; Number ;
+----------------------------+--------+
; Number detected on machine ; 8      ;
; Maximum allowed            ; 1      ;
+----------------------------+--------+


+---------------------------------------------------------------------------------------------------------------------------------------------------------+
; Analysis & Synthesis Source Files Read                                                                                                                  ;
+----------------------------------+-----------------+-----------------+------------------------------------------------------------------------+---------+
; File Name with User-Entered Path ; Used in Netlist ; File Type       ; File Name with Absolute Path                                           ; Library ;
+----------------------------------+-----------------+-----------------+------------------------------------------------------------------------+---------+
; controlador.vhd                  ; yes             ; User VHDL File  ; C:/Users/Matheus Victor/Desktop/microgeral/controlador/controlador.vhd ;         ;
+----------------------------------+-----------------+-----------------+------------------------------------------------------------------------+---------+


+-----------------------------------------------------+
; Analysis & Synthesis Resource Usage Summary         ;
+---------------------------------------------+-------+
; Resource                                    ; Usage ;
+---------------------------------------------+-------+
; Estimated Total logic elements              ; 147   ;
;                                             ;       ;
; Total combinational functions               ; 145   ;
; Logic element usage by number of LUT inputs ;       ;
;     -- 4 input functions                    ; 76    ;
;     -- 3 input functions                    ; 57    ;
;     -- <=2 input functions                  ; 12    ;
;                                             ;       ;
; Logic elements by mode                      ;       ;
;     -- normal mode                          ; 145   ;
;     -- arithmetic mode                      ; 0     ;
;                                             ;       ;
; Total registers                             ; 21    ;
;     -- Dedicated logic registers            ; 21    ;
;     -- I/O registers                        ; 0     ;
;                                             ;       ;
; I/O pins                                    ; 70    ;
; Embedded Multiplier 9-bit elements          ; 0     ;
; Maximum fan-out node                        ; clk   ;
; Maximum fan-out                             ; 21    ;
; Total fan-out                               ; 588   ;
; Average fan-out                             ; 2.49  ;
+---------------------------------------------+-------+


+-----------------------------------------------------------------------------------------------------------------------------------------------------------------------------+
; Analysis & Synthesis Resource Utilization by Entity                                                                                                                         ;
+----------------------------+-------------------+--------------+-------------+--------------+---------+-----------+------+--------------+---------------------+--------------+
; Compilation Hierarchy Node ; LC Combinationals ; LC Registers ; Memory Bits ; DSP Elements ; DSP 9x9 ; DSP 18x18 ; Pins ; Virtual Pins ; Full Hierarchy Name ; Library Name ;
+----------------------------+-------------------+--------------+-------------+--------------+---------+-----------+------+--------------+---------------------+--------------+
; |controlador               ; 145 (145)         ; 21 (21)      ; 0           ; 0            ; 0       ; 0         ; 70   ; 0            ; |controlador        ; work         ;
+----------------------------+-------------------+--------------+-------------+--------------+---------+-----------+------+--------------+---------------------+--------------+
Note: For table entries with two numbers listed, the numbers in parentheses indicate the number of resources of the given type used by the specific entity alone. The numbers listed outside of parentheses indicate the total resources of the given type used by the specific entity and all of its sub-entities in the hierarchy.


Encoding Type:  One-Hot
+----------------------------------------------------------------------------------------------------------------------------------------------------------------------------------------------------------------------------------------------------------------------------------------------+
; State Machine - |controlador|state                                                                                                                                                                                                                                                           ;
+-------------------+------------+-----------+-----------+-----------+----------+-----------+-----------+----------+----------+------------+-----------+-----------+-----------+-----------+------------+-----------+------------+-----------+-------------------+-------------+---------------+
; Name              ; state.MOVS ; state.MOV ; state.mbl ; state.mbh ; state.jz ; state.ret ; state.jme ; state.sw ; state.lw ; state.sltu ; state.slt ; state.jma ; state.sub ; state.add ; state.xorr ; state.orr ; state.andd ; state.nop ; state.decodificar ; state.busca ; state.initial ;
+-------------------+------------+-----------+-----------+-----------+----------+-----------+-----------+----------+----------+------------+-----------+-----------+-----------+-----------+------------+-----------+------------+-----------+-------------------+-------------+---------------+
; state.initial     ; 0          ; 0         ; 0         ; 0         ; 0        ; 0         ; 0         ; 0        ; 0        ; 0          ; 0         ; 0         ; 0         ; 0         ; 0          ; 0         ; 0          ; 0         ; 0                 ; 0           ; 0             ;
; state.busca       ; 0          ; 0         ; 0         ; 0         ; 0        ; 0         ; 0         ; 0        ; 0        ; 0          ; 0         ; 0         ; 0         ; 0         ; 0          ; 0         ; 0          ; 0         ; 0                 ; 1           ; 1             ;
; state.decodificar ; 0          ; 0         ; 0         ; 0         ; 0        ; 0         ; 0         ; 0        ; 0        ; 0          ; 0         ; 0         ; 0         ; 0         ; 0          ; 0         ; 0          ; 0         ; 1                 ; 0           ; 1             ;
; state.nop         ; 0          ; 0         ; 0         ; 0         ; 0        ; 0         ; 0         ; 0        ; 0        ; 0          ; 0         ; 0         ; 0         ; 0         ; 0          ; 0         ; 0          ; 1         ; 0                 ; 0           ; 1             ;
; state.andd        ; 0          ; 0         ; 0         ; 0         ; 0        ; 0         ; 0         ; 0        ; 0        ; 0          ; 0         ; 0         ; 0         ; 0         ; 0          ; 0         ; 1          ; 0         ; 0                 ; 0           ; 1             ;
; state.orr         ; 0          ; 0         ; 0         ; 0         ; 0        ; 0         ; 0         ; 0        ; 0        ; 0          ; 0         ; 0         ; 0         ; 0         ; 0          ; 1         ; 0          ; 0         ; 0                 ; 0           ; 1             ;
; state.xorr        ; 0          ; 0         ; 0         ; 0         ; 0        ; 0         ; 0         ; 0        ; 0        ; 0          ; 0         ; 0         ; 0         ; 0         ; 1          ; 0         ; 0          ; 0         ; 0                 ; 0           ; 1             ;
; state.add         ; 0          ; 0         ; 0         ; 0         ; 0        ; 0         ; 0         ; 0        ; 0        ; 0          ; 0         ; 0         ; 0         ; 1         ; 0          ; 0         ; 0          ; 0         ; 0                 ; 0           ; 1             ;
; state.sub         ; 0          ; 0         ; 0         ; 0         ; 0        ; 0         ; 0         ; 0        ; 0        ; 0          ; 0         ; 0         ; 1         ; 0         ; 0          ; 0         ; 0          ; 0         ; 0                 ; 0           ; 1             ;
; state.jma         ; 0          ; 0         ; 0         ; 0         ; 0        ; 0         ; 0         ; 0        ; 0        ; 0          ; 0         ; 1         ; 0         ; 0         ; 0          ; 0         ; 0          ; 0         ; 0                 ; 0           ; 1             ;
; state.slt         ; 0          ; 0         ; 0         ; 0         ; 0        ; 0         ; 0         ; 0        ; 0        ; 0          ; 1         ; 0         ; 0         ; 0         ; 0          ; 0         ; 0          ; 0         ; 0                 ; 0           ; 1             ;
; state.sltu        ; 0          ; 0         ; 0         ; 0         ; 0        ; 0         ; 0         ; 0        ; 0        ; 1          ; 0         ; 0         ; 0         ; 0         ; 0          ; 0         ; 0          ; 0         ; 0                 ; 0           ; 1             ;
; state.lw          ; 0          ; 0         ; 0         ; 0         ; 0        ; 0         ; 0         ; 0        ; 1        ; 0          ; 0         ; 0         ; 0         ; 0         ; 0          ; 0         ; 0          ; 0         ; 0                 ; 0           ; 1             ;
; state.sw          ; 0          ; 0         ; 0         ; 0         ; 0        ; 0         ; 0         ; 1        ; 0        ; 0          ; 0         ; 0         ; 0         ; 0         ; 0          ; 0         ; 0          ; 0         ; 0                 ; 0           ; 1             ;
; state.jme         ; 0          ; 0         ; 0         ; 0         ; 0        ; 0         ; 1         ; 0        ; 0        ; 0          ; 0         ; 0         ; 0         ; 0         ; 0          ; 0         ; 0          ; 0         ; 0                 ; 0           ; 1             ;
; state.ret         ; 0          ; 0         ; 0         ; 0         ; 0        ; 1         ; 0         ; 0        ; 0        ; 0          ; 0         ; 0         ; 0         ; 0         ; 0          ; 0         ; 0          ; 0         ; 0                 ; 0           ; 1             ;
; state.jz          ; 0          ; 0         ; 0         ; 0         ; 1        ; 0         ; 0         ; 0        ; 0        ; 0          ; 0         ; 0         ; 0         ; 0         ; 0          ; 0         ; 0          ; 0         ; 0                 ; 0           ; 1             ;
; state.mbh         ; 0          ; 0         ; 0         ; 1         ; 0        ; 0         ; 0         ; 0        ; 0        ; 0          ; 0         ; 0         ; 0         ; 0         ; 0          ; 0         ; 0          ; 0         ; 0                 ; 0           ; 1             ;
; state.mbl         ; 0          ; 0         ; 1         ; 0         ; 0        ; 0         ; 0         ; 0        ; 0        ; 0          ; 0         ; 0         ; 0         ; 0         ; 0          ; 0         ; 0          ; 0         ; 0                 ; 0           ; 1             ;
; state.MOV         ; 0          ; 1         ; 0         ; 0         ; 0        ; 0         ; 0         ; 0        ; 0        ; 0          ; 0         ; 0         ; 0         ; 0         ; 0          ; 0         ; 0          ; 0         ; 0                 ; 0           ; 1             ;
; state.MOVS        ; 1          ; 0         ; 0         ; 0         ; 0        ; 0         ; 0         ; 0        ; 0        ; 0          ; 0         ; 0         ; 0         ; 0         ; 0          ; 0         ; 0          ; 0         ; 0                 ; 0           ; 1             ;
+-------------------+------------+-----------+-----------+-----------+----------+-----------+-----------+----------+----------+------------+-----------+-----------+-----------+-----------+------------+-----------+------------+-----------+-------------------+-------------+---------------+


+----------------------------------------------------------------------------------------------------+
; User-Specified and Inferred Latches                                                                ;
+-----------------------------------------------------+---------------------+------------------------+
; Latch Name                                          ; Latch Enable Signal ; Free of Timing Hazards ;
+-----------------------------------------------------+---------------------+------------------------+
; ld_R0$latch                                         ; Selector52          ; yes                    ;
; ld_R1$latch                                         ; Selector52          ; yes                    ;
; ld_R2$latch                                         ; Selector52          ; yes                    ;
; ld_R3$latch                                         ; Selector52          ; yes                    ;
; ld_R4$latch                                         ; Selector52          ; yes                    ;
; ld_R5$latch                                         ; Selector52          ; yes                    ;
; ld_R6$latch                                         ; Selector52          ; yes                    ;
; ld_PC$latch                                         ; WideOr5             ; yes                    ;
; ld_RI$latch                                         ; WideOr7             ; yes                    ;
; ld_RE$latch                                         ; Selector9           ; yes                    ;
; ld_RP$latch                                         ; Selector14          ; yes                    ;
; ld_RS$latch                                         ; WideOr12            ; yes                    ;
; selmux3$latch                                       ; WideOr31            ; yes                    ;
; pc_increment$latch                                  ; WideOr15            ; yes                    ;
; ld_MemDados$latch                                   ; WideOr14            ; yes                    ;
; sel_ULA[0]$latch                                    ; WideOr27            ; yes                    ;
; sel_ULA[1]$latch                                    ; WideOr27            ; yes                    ;
; sel_ULA[2]$latch                                    ; WideOr27            ; yes                    ;
; sel_mux5_1[0]$latch                                 ; Selector21          ; yes                    ;
; sel_mux5_1[1]$latch                                 ; Selector21          ; yes                    ;
; sel_mux5_1[2]$latch                                 ; Selector21          ; yes                    ;
; sel_mux7_1[0]$latch                                 ; WideOr22            ; yes                    ;
; sel_mux7_1[1]$latch                                 ; WideOr22            ; yes                    ;
; sel_mux7_1[2]$latch                                 ; WideOr22            ; yes                    ;
; sel_mux7_2[0]$latch                                 ; WideOr24            ; yes                    ;
; sel_mux7_2[1]$latch                                 ; WideOr24            ; yes                    ;
; sel_mux7_2[2]$latch                                 ; WideOr24            ; yes                    ;
; bau[0]                                              ; Selector37          ; yes                    ;
; bau[1]                                              ; Selector37          ; yes                    ;
; bau[2]                                              ; Selector37          ; yes                    ;
; bau[3]                                              ; Selector37          ; yes                    ;
; bau[4]                                              ; Selector37          ; yes                    ;
; bau[5]                                              ; Selector37          ; yes                    ;
; bau[6]                                              ; Selector37          ; yes                    ;
; Number of user-specified and inferred latches = 34  ;                     ;                        ;
+-----------------------------------------------------+---------------------+------------------------+
Note: All latches listed above may not be present at the end of synthesis due to various synthesis optimizations.


+------------------------------------------------------+
; General Register Statistics                          ;
+----------------------------------------------+-------+
; Statistic                                    ; Value ;
+----------------------------------------------+-------+
; Total registers                              ; 21    ;
; Number of registers using Synchronous Clear  ; 0     ;
; Number of registers using Synchronous Load   ; 0     ;
; Number of registers using Asynchronous Clear ; 21    ;
; Number of registers using Asynchronous Load  ; 0     ;
; Number of registers using Clock Enable       ; 0     ;
; Number of registers using Preset             ; 0     ;
+----------------------------------------------+-------+


+------------------------------------------------------------------------------------------------------------------------------------------+
; Multiplexer Restructuring Statistics (Restructuring Performed)                                                                           ;
+--------------------+-----------+---------------+----------------------+------------------------+------------+----------------------------+
; Multiplexer Inputs ; Bus Width ; Baseline Area ; Area if Restructured ; Saving if Restructured ; Registered ; Example Multiplexer Output ;
+--------------------+-----------+---------------+----------------------+------------------------+------------+----------------------------+
; 3:1                ; 3 bits    ; 6 LEs         ; 6 LEs                ; 0 LEs                  ; No         ; |controlador|Selector26    ;
; 3:1                ; 3 bits    ; 6 LEs         ; 6 LEs                ; 0 LEs                  ; No         ; |controlador|Selector30    ;
; 12:1               ; 7 bits    ; 56 LEs        ; 14 LEs               ; 42 LEs                 ; No         ; |controlador|Selector47    ;
+--------------------+-----------+---------------+----------------------+------------------------+------------+----------------------------+


+-------------------------------+
; Elapsed Time Per Partition    ;
+----------------+--------------+
; Partition Name ; Elapsed Time ;
+----------------+--------------+
; Top            ; 00:00:00     ;
+----------------+--------------+


+-------------------------------+
; Analysis & Synthesis Messages ;
+-------------------------------+
Info: *******************************************************************
Info: Running Quartus II 64-Bit Analysis & Synthesis
    Info: Version 13.0.1 Build 232 06/12/2013 Service Pack 1 SJ Web Edition
    Info: Processing started: Fri May 07 13:00:46 2021
Info: Command: quartus_map --read_settings_files=on --write_settings_files=off controlador -c controlador
Warning (20028): Parallel compilation is not licensed and has been disabled
Info (12021): Found 2 design units, including 1 entities, in source file controlador.vhd
    Info (12022): Found design unit 1: controlador-implementation
    Info (12023): Found entity 1: controlador
Info (12127): Elaborating entity "controlador" for the top level hierarchy
Warning (10541): VHDL Signal Declaration warning at controlador.vhd(11): used implicit default value for signal "reset_RS" because signal was never assigned a value or an explicit default value. Use of implicit default value may introduce unintended design optimizations.
Warning (10541): VHDL Signal Declaration warning at controlador.vhd(11): used implicit default value for signal "reset_r0" because signal was never assigned a value or an explicit default value. Use of implicit default value may introduce unintended design optimizations.
Warning (10541): VHDL Signal Declaration warning at controlador.vhd(11): used implicit default value for signal "reset_r1" because signal was never assigned a value or an explicit default value. Use of implicit default value may introduce unintended design optimizations.
Warning (10541): VHDL Signal Declaration warning at controlador.vhd(11): used implicit default value for signal "reset_r2" because signal was never assigned a value or an explicit default value. Use of implicit default value may introduce unintended design optimizations.
Warning (10541): VHDL Signal Declaration warning at controlador.vhd(11): used implicit default value for signal "reset_r3" because signal was never assigned a value or an explicit default value. Use of implicit default value may introduce unintended design optimizations.
Warning (10541): VHDL Signal Declaration warning at controlador.vhd(11): used implicit default value for signal "reset_r4" because signal was never assigned a value or an explicit default value. Use of implicit default value may introduce unintended design optimizations.
Warning (10541): VHDL Signal Declaration warning at controlador.vhd(11): used implicit default value for signal "reset_r5" because signal was never assigned a value or an explicit default value. Use of implicit default value may introduce unintended design optimizations.
Warning (10541): VHDL Signal Declaration warning at controlador.vhd(11): used implicit default value for signal "reset_r6" because signal was never assigned a value or an explicit default value. Use of implicit default value may introduce unintended design optimizations.
Warning (10541): VHDL Signal Declaration warning at controlador.vhd(11): used implicit default value for signal "reset_RI" because signal was never assigned a value or an explicit default value. Use of implicit default value may introduce unintended design optimizations.
Warning (10541): VHDL Signal Declaration warning at controlador.vhd(11): used implicit default value for signal "reset_RP" because signal was never assigned a value or an explicit default value. Use of implicit default value may introduce unintended design optimizations.
Warning (10541): VHDL Signal Declaration warning at controlador.vhd(11): used implicit default value for signal "reset_RE" because signal was never assigned a value or an explicit default value. Use of implicit default value may introduce unintended design optimizations.
Warning (10541): VHDL Signal Declaration warning at controlador.vhd(11): used implicit default value for signal "reset_PC" because signal was never assigned a value or an explicit default value. Use of implicit default value may introduce unintended design optimizations.
Warning (10541): VHDL Signal Declaration warning at controlador.vhd(15): used implicit default value for signal "MD_addr" because signal was never assigned a value or an explicit default value. Use of implicit default value may introduce unintended design optimizations.
Warning (10036): Verilog HDL or VHDL warning at controlador.vhd(28): object "v_RE" assigned a value but never read
Warning (10036): Verilog HDL or VHDL warning at controlador.vhd(29): object "sel_DADOS" assigned a value but never read
Warning (10492): VHDL Process Statement warning at controlador.vhd(182): signal "regInstrucao" is read inside the Process Statement but isn't in the Process Statement's sensitivity list
Warning (10492): VHDL Process Statement warning at controlador.vhd(183): signal "regInstrucao" is read inside the Process Statement but isn't in the Process Statement's sensitivity list
Warning (10492): VHDL Process Statement warning at controlador.vhd(185): signal "regInstrucao" is read inside the Process Statement but isn't in the Process Statement's sensitivity list
Warning (10492): VHDL Process Statement warning at controlador.vhd(186): signal "bau" is read inside the Process Statement but isn't in the Process Statement's sensitivity list
Warning (10492): VHDL Process Statement warning at controlador.vhd(187): signal "bau" is read inside the Process Statement but isn't in the Process Statement's sensitivity list
Warning (10492): VHDL Process Statement warning at controlador.vhd(188): signal "bau" is read inside the Process Statement but isn't in the Process Statement's sensitivity list
Warning (10492): VHDL Process Statement warning at controlador.vhd(189): signal "bau" is read inside the Process Statement but isn't in the Process Statement's sensitivity list
Warning (10492): VHDL Process Statement warning at controlador.vhd(190): signal "bau" is read inside the Process Statement but isn't in the Process Statement's sensitivity list
Warning (10492): VHDL Process Statement warning at controlador.vhd(191): signal "bau" is read inside the Process Statement but isn't in the Process Statement's sensitivity list
Warning (10492): VHDL Process Statement warning at controlador.vhd(192): signal "bau" is read inside the Process Statement but isn't in the Process Statement's sensitivity list
Warning (10492): VHDL Process Statement warning at controlador.vhd(197): signal "regInstrucao" is read inside the Process Statement but isn't in the Process Statement's sensitivity list
Warning (10492): VHDL Process Statement warning at controlador.vhd(198): signal "bau" is read inside the Process Statement but isn't in the Process Statement's sensitivity list
Warning (10492): VHDL Process Statement warning at controlador.vhd(199): signal "bau" is read inside the Process Statement but isn't in the Process Statement's sensitivity list
Warning (10492): VHDL Process Statement warning at controlador.vhd(200): signal "bau" is read inside the Process Statement but isn't in the Process Statement's sensitivity list
Warning (10492): VHDL Process Statement warning at controlador.vhd(201): signal "bau" is read inside the Process Statement but isn't in the Process Statement's sensitivity list
Warning (10492): VHDL Process Statement warning at controlador.vhd(202): signal "bau" is read inside the Process Statement but isn't in the Process Statement's sensitivity list
Warning (10492): VHDL Process Statement warning at controlador.vhd(203): signal "bau" is read inside the Process Statement but isn't in the Process Statement's sensitivity list
Warning (10492): VHDL Process Statement warning at controlador.vhd(204): signal "bau" is read inside the Process Statement but isn't in the Process Statement's sensitivity list
Warning (10492): VHDL Process Statement warning at controlador.vhd(213): signal "regInstrucao" is read inside the Process Statement but isn't in the Process Statement's sensitivity list
Warning (10492): VHDL Process Statement warning at controlador.vhd(214): signal "regInstrucao" is read inside the Process Statement but isn't in the Process Statement's sensitivity list
Warning (10492): VHDL Process Statement warning at controlador.vhd(221): signal "regInstrucao" is read inside the Process Statement but isn't in the Process Statement's sensitivity list
Warning (10492): VHDL Process Statement warning at controlador.vhd(222): signal "bau" is read inside the Process Statement but isn't in the Process Statement's sensitivity list
Warning (10492): VHDL Process Statement warning at controlador.vhd(223): signal "bau" is read inside the Process Statement but isn't in the Process Statement's sensitivity list
Warning (10492): VHDL Process Statement warning at controlador.vhd(224): signal "bau" is read inside the Process Statement but isn't in the Process Statement's sensitivity list
Warning (10492): VHDL Process Statement warning at controlador.vhd(225): signal "bau" is read inside the Process Statement but isn't in the Process Statement's sensitivity list
Warning (10492): VHDL Process Statement warning at controlador.vhd(226): signal "bau" is read inside the Process Statement but isn't in the Process Statement's sensitivity list
Warning (10492): VHDL Process Statement warning at controlador.vhd(227): signal "bau" is read inside the Process Statement but isn't in the Process Statement's sensitivity list
Warning (10492): VHDL Process Statement warning at controlador.vhd(228): signal "bau" is read inside the Process Statement but isn't in the Process Statement's sensitivity list
Warning (10492): VHDL Process Statement warning at controlador.vhd(237): signal "regInstrucao" is read inside the Process Statement but isn't in the Process Statement's sensitivity list
Warning (10492): VHDL Process Statement warning at controlador.vhd(238): signal "regInstrucao" is read inside the Process Statement but isn't in the Process Statement's sensitivity list
Warning (10492): VHDL Process Statement warning at controlador.vhd(245): signal "regInstrucao" is read inside the Process Statement but isn't in the Process Statement's sensitivity list
Warning (10492): VHDL Process Statement warning at controlador.vhd(246): signal "bau" is read inside the Process Statement but isn't in the Process Statement's sensitivity list
Warning (10492): VHDL Process Statement warning at controlador.vhd(247): signal "bau" is read inside the Process Statement but isn't in the Process Statement's sensitivity list
Warning (10492): VHDL Process Statement warning at controlador.vhd(248): signal "bau" is read inside the Process Statement but isn't in the Process Statement's sensitivity list
Warning (10492): VHDL Process Statement warning at controlador.vhd(249): signal "bau" is read inside the Process Statement but isn't in the Process Statement's sensitivity list
Warning (10492): VHDL Process Statement warning at controlador.vhd(250): signal "bau" is read inside the Process Statement but isn't in the Process Statement's sensitivity list
Warning (10492): VHDL Process Statement warning at controlador.vhd(251): signal "bau" is read inside the Process Statement but isn't in the Process Statement's sensitivity list
Warning (10492): VHDL Process Statement warning at controlador.vhd(252): signal "bau" is read inside the Process Statement but isn't in the Process Statement's sensitivity list
Warning (10492): VHDL Process Statement warning at controlador.vhd(261): signal "regInstrucao" is read inside the Process Statement but isn't in the Process Statement's sensitivity list
Warning (10492): VHDL Process Statement warning at controlador.vhd(262): signal "regInstrucao" is read inside the Process Statement but isn't in the Process Statement's sensitivity list
Warning (10492): VHDL Process Statement warning at controlador.vhd(268): signal "regInstrucao" is read inside the Process Statement but isn't in the Process Statement's sensitivity list
Warning (10492): VHDL Process Statement warning at controlador.vhd(269): signal "bau" is read inside the Process Statement but isn't in the Process Statement's sensitivity list
Warning (10492): VHDL Process Statement warning at controlador.vhd(270): signal "bau" is read inside the Process Statement but isn't in the Process Statement's sensitivity list
Warning (10492): VHDL Process Statement warning at controlador.vhd(271): signal "bau" is read inside the Process Statement but isn't in the Process Statement's sensitivity list
Warning (10492): VHDL Process Statement warning at controlador.vhd(272): signal "bau" is read inside the Process Statement but isn't in the Process Statement's sensitivity list
Warning (10492): VHDL Process Statement warning at controlador.vhd(273): signal "bau" is read inside the Process Statement but isn't in the Process Statement's sensitivity list
Warning (10492): VHDL Process Statement warning at controlador.vhd(274): signal "bau" is read inside the Process Statement but isn't in the Process Statement's sensitivity list
Warning (10492): VHDL Process Statement warning at controlador.vhd(275): signal "bau" is read inside the Process Statement but isn't in the Process Statement's sensitivity list
Warning (10492): VHDL Process Statement warning at controlador.vhd(284): signal "regInstrucao" is read inside the Process Statement but isn't in the Process Statement's sensitivity list
Warning (10492): VHDL Process Statement warning at controlador.vhd(285): signal "regInstrucao" is read inside the Process Statement but isn't in the Process Statement's sensitivity list
Warning (10492): VHDL Process Statement warning at controlador.vhd(299): signal "regInstrucao" is read inside the Process Statement but isn't in the Process Statement's sensitivity list
Warning (10492): VHDL Process Statement warning at controlador.vhd(300): signal "regInstrucao" is read inside the Process Statement but isn't in the Process Statement's sensitivity list
Warning (10492): VHDL Process Statement warning at controlador.vhd(301): signal "out_comparador" is read inside the Process Statement but isn't in the Process Statement's sensitivity list
Warning (10492): VHDL Process Statement warning at controlador.vhd(305): signal "regInstrucao" is read inside the Process Statement but isn't in the Process Statement's sensitivity list
Warning (10492): VHDL Process Statement warning at controlador.vhd(306): signal "bau" is read inside the Process Statement but isn't in the Process Statement's sensitivity list
Warning (10492): VHDL Process Statement warning at controlador.vhd(307): signal "bau" is read inside the Process Statement but isn't in the Process Statement's sensitivity list
Warning (10492): VHDL Process Statement warning at controlador.vhd(308): signal "bau" is read inside the Process Statement but isn't in the Process Statement's sensitivity list
Warning (10492): VHDL Process Statement warning at controlador.vhd(309): signal "bau" is read inside the Process Statement but isn't in the Process Statement's sensitivity list
Warning (10492): VHDL Process Statement warning at controlador.vhd(310): signal "bau" is read inside the Process Statement but isn't in the Process Statement's sensitivity list
Warning (10492): VHDL Process Statement warning at controlador.vhd(311): signal "bau" is read inside the Process Statement but isn't in the Process Statement's sensitivity list
Warning (10492): VHDL Process Statement warning at controlador.vhd(312): signal "bau" is read inside the Process Statement but isn't in the Process Statement's sensitivity list
Warning (10492): VHDL Process Statement warning at controlador.vhd(320): signal "regInstrucao" is read inside the Process Statement but isn't in the Process Statement's sensitivity list
Warning (10492): VHDL Process Statement warning at controlador.vhd(321): signal "bau" is read inside the Process Statement but isn't in the Process Statement's sensitivity list
Warning (10492): VHDL Process Statement warning at controlador.vhd(322): signal "bau" is read inside the Process Statement but isn't in the Process Statement's sensitivity list
Warning (10492): VHDL Process Statement warning at controlador.vhd(323): signal "bau" is read inside the Process Statement but isn't in the Process Statement's sensitivity list
Warning (10492): VHDL Process Statement warning at controlador.vhd(324): signal "bau" is read inside the Process Statement but isn't in the Process Statement's sensitivity list
Warning (10492): VHDL Process Statement warning at controlador.vhd(325): signal "bau" is read inside the Process Statement but isn't in the Process Statement's sensitivity list
Warning (10492): VHDL Process Statement warning at controlador.vhd(326): signal "bau" is read inside the Process Statement but isn't in the Process Statement's sensitivity list
Warning (10492): VHDL Process Statement warning at controlador.vhd(327): signal "bau" is read inside the Process Statement but isn't in the Process Statement's sensitivity list
Warning (10492): VHDL Process Statement warning at controlador.vhd(328): signal "regInstrucao" is read inside the Process Statement but isn't in the Process Statement's sensitivity list
Warning (10492): VHDL Process Statement warning at controlador.vhd(329): signal "regInstrucao" is read inside the Process Statement but isn't in the Process Statement's sensitivity list
Warning (10492): VHDL Process Statement warning at controlador.vhd(330): signal "out_comparador" is read inside the Process Statement but isn't in the Process Statement's sensitivity list
Warning (10492): VHDL Process Statement warning at controlador.vhd(334): signal "regInstrucao" is read inside the Process Statement but isn't in the Process Statement's sensitivity list
Warning (10492): VHDL Process Statement warning at controlador.vhd(335): signal "bau" is read inside the Process Statement but isn't in the Process Statement's sensitivity list
Warning (10492): VHDL Process Statement warning at controlador.vhd(336): signal "bau" is read inside the Process Statement but isn't in the Process Statement's sensitivity list
Warning (10492): VHDL Process Statement warning at controlador.vhd(337): signal "bau" is read inside the Process Statement but isn't in the Process Statement's sensitivity list
Warning (10492): VHDL Process Statement warning at controlador.vhd(338): signal "bau" is read inside the Process Statement but isn't in the Process Statement's sensitivity list
Warning (10492): VHDL Process Statement warning at controlador.vhd(339): signal "bau" is read inside the Process Statement but isn't in the Process Statement's sensitivity list
Warning (10492): VHDL Process Statement warning at controlador.vhd(340): signal "bau" is read inside the Process Statement but isn't in the Process Statement's sensitivity list
Warning (10492): VHDL Process Statement warning at controlador.vhd(341): signal "bau" is read inside the Process Statement but isn't in the Process Statement's sensitivity list
Warning (10492): VHDL Process Statement warning at controlador.vhd(346): signal "regInstrucao" is read inside the Process Statement but isn't in the Process Statement's sensitivity list
Warning (10492): VHDL Process Statement warning at controlador.vhd(347): signal "bau" is read inside the Process Statement but isn't in the Process Statement's sensitivity list
Warning (10492): VHDL Process Statement warning at controlador.vhd(348): signal "bau" is read inside the Process Statement but isn't in the Process Statement's sensitivity list
Warning (10492): VHDL Process Statement warning at controlador.vhd(349): signal "bau" is read inside the Process Statement but isn't in the Process Statement's sensitivity list
Warning (10492): VHDL Process Statement warning at controlador.vhd(350): signal "bau" is read inside the Process Statement but isn't in the Process Statement's sensitivity list
Warning (10492): VHDL Process Statement warning at controlador.vhd(351): signal "bau" is read inside the Process Statement but isn't in the Process Statement's sensitivity list
Warning (10492): VHDL Process Statement warning at controlador.vhd(352): signal "bau" is read inside the Process Statement but isn't in the Process Statement's sensitivity list
Warning (10492): VHDL Process Statement warning at controlador.vhd(353): signal "bau" is read inside the Process Statement but isn't in the Process Statement's sensitivity list
Warning (10492): VHDL Process Statement warning at controlador.vhd(359): signal "regInstrucao" is read inside the Process Statement but isn't in the Process Statement's sensitivity list
Warning (10492): VHDL Process Statement warning at controlador.vhd(360): signal "regInstrucao" is read inside the Process Statement but isn't in the Process Statement's sensitivity list
Warning (10492): VHDL Process Statement warning at controlador.vhd(365): signal "regInstrucao" is read inside the Process Statement but isn't in the Process Statement's sensitivity list
Warning (10492): VHDL Process Statement warning at controlador.vhd(366): signal "out_comparador" is read inside the Process Statement but isn't in the Process Statement's sensitivity list
Warning (10492): VHDL Process Statement warning at controlador.vhd(385): signal "regInstrucao" is read inside the Process Statement but isn't in the Process Statement's sensitivity list
Warning (10492): VHDL Process Statement warning at controlador.vhd(386): signal "out_comparador" is read inside the Process Statement but isn't in the Process Statement's sensitivity list
Warning (10492): VHDL Process Statement warning at controlador.vhd(398): signal "regInstrucao" is read inside the Process Statement but isn't in the Process Statement's sensitivity list
Warning (10492): VHDL Process Statement warning at controlador.vhd(399): signal "bau" is read inside the Process Statement but isn't in the Process Statement's sensitivity list
Warning (10492): VHDL Process Statement warning at controlador.vhd(400): signal "bau" is read inside the Process Statement but isn't in the Process Statement's sensitivity list
Warning (10492): VHDL Process Statement warning at controlador.vhd(401): signal "bau" is read inside the Process Statement but isn't in the Process Statement's sensitivity list
Warning (10492): VHDL Process Statement warning at controlador.vhd(402): signal "bau" is read inside the Process Statement but isn't in the Process Statement's sensitivity list
Warning (10492): VHDL Process Statement warning at controlador.vhd(403): signal "bau" is read inside the Process Statement but isn't in the Process Statement's sensitivity list
Warning (10492): VHDL Process Statement warning at controlador.vhd(404): signal "bau" is read inside the Process Statement but isn't in the Process Statement's sensitivity list
Warning (10492): VHDL Process Statement warning at controlador.vhd(405): signal "bau" is read inside the Process Statement but isn't in the Process Statement's sensitivity list
Warning (10492): VHDL Process Statement warning at controlador.vhd(409): signal "regInstrucao" is read inside the Process Statement but isn't in the Process Statement's sensitivity list
Warning (10492): VHDL Process Statement warning at controlador.vhd(416): signal "regInstrucao" is read inside the Process Statement but isn't in the Process Statement's sensitivity list
Warning (10492): VHDL Process Statement warning at controlador.vhd(421): signal "regInstrucao" is read inside the Process Statement but isn't in the Process Statement's sensitivity list
Warning (10492): VHDL Process Statement warning at controlador.vhd(422): signal "bau" is read inside the Process Statement but isn't in the Process Statement's sensitivity list
Warning (10492): VHDL Process Statement warning at controlador.vhd(423): signal "bau" is read inside the Process Statement but isn't in the Process Statement's sensitivity list
Warning (10492): VHDL Process Statement warning at controlador.vhd(424): signal "bau" is read inside the Process Statement but isn't in the Process Statement's sensitivity list
Warning (10492): VHDL Process Statement warning at controlador.vhd(425): signal "bau" is read inside the Process Statement but isn't in the Process Statement's sensitivity list
Warning (10492): VHDL Process Statement warning at controlador.vhd(426): signal "bau" is read inside the Process Statement but isn't in the Process Statement's sensitivity list
Warning (10492): VHDL Process Statement warning at controlador.vhd(427): signal "bau" is read inside the Process Statement but isn't in the Process Statement's sensitivity list
Warning (10492): VHDL Process Statement warning at controlador.vhd(428): signal "bau" is read inside the Process Statement but isn't in the Process Statement's sensitivity list
Warning (10492): VHDL Process Statement warning at controlador.vhd(434): signal "regInstrucao" is read inside the Process Statement but isn't in the Process Statement's sensitivity list
Warning (10492): VHDL Process Statement warning at controlador.vhd(439): signal "regInstrucao" is read inside the Process Statement but isn't in the Process Statement's sensitivity list
Warning (10492): VHDL Process Statement warning at controlador.vhd(440): signal "bau" is read inside the Process Statement but isn't in the Process Statement's sensitivity list
Warning (10492): VHDL Process Statement warning at controlador.vhd(441): signal "bau" is read inside the Process Statement but isn't in the Process Statement's sensitivity list
Warning (10492): VHDL Process Statement warning at controlador.vhd(442): signal "bau" is read inside the Process Statement but isn't in the Process Statement's sensitivity list
Warning (10492): VHDL Process Statement warning at controlador.vhd(443): signal "bau" is read inside the Process Statement but isn't in the Process Statement's sensitivity list
Warning (10492): VHDL Process Statement warning at controlador.vhd(444): signal "bau" is read inside the Process Statement but isn't in the Process Statement's sensitivity list
Warning (10492): VHDL Process Statement warning at controlador.vhd(445): signal "bau" is read inside the Process Statement but isn't in the Process Statement's sensitivity list
Warning (10492): VHDL Process Statement warning at controlador.vhd(446): signal "bau" is read inside the Process Statement but isn't in the Process Statement's sensitivity list
Warning (10631): VHDL Process Statement warning at controlador.vhd(114): inferring latch(es) for signal or variable "ld_R0", which holds its previous value in one or more paths through the process
Warning (10631): VHDL Process Statement warning at controlador.vhd(114): inferring latch(es) for signal or variable "ld_R1", which holds its previous value in one or more paths through the process
Warning (10631): VHDL Process Statement warning at controlador.vhd(114): inferring latch(es) for signal or variable "ld_R2", which holds its previous value in one or more paths through the process
Warning (10631): VHDL Process Statement warning at controlador.vhd(114): inferring latch(es) for signal or variable "ld_R3", which holds its previous value in one or more paths through the process
Warning (10631): VHDL Process Statement warning at controlador.vhd(114): inferring latch(es) for signal or variable "ld_R4", which holds its previous value in one or more paths through the process
Warning (10631): VHDL Process Statement warning at controlador.vhd(114): inferring latch(es) for signal or variable "ld_R5", which holds its previous value in one or more paths through the process
Warning (10631): VHDL Process Statement warning at controlador.vhd(114): inferring latch(es) for signal or variable "ld_R6", which holds its previous value in one or more paths through the process
Warning (10631): VHDL Process Statement warning at controlador.vhd(114): inferring latch(es) for signal or variable "ld_PC", which holds its previous value in one or more paths through the process
Warning (10631): VHDL Process Statement warning at controlador.vhd(114): inferring latch(es) for signal or variable "ld_RI", which holds its previous value in one or more paths through the process
Warning (10631): VHDL Process Statement warning at controlador.vhd(114): inferring latch(es) for signal or variable "ld_RE", which holds its previous value in one or more paths through the process
Warning (10631): VHDL Process Statement warning at controlador.vhd(114): inferring latch(es) for signal or variable "ld_RS", which holds its previous value in one or more paths through the process
Warning (10631): VHDL Process Statement warning at controlador.vhd(114): inferring latch(es) for signal or variable "ld_RP", which holds its previous value in one or more paths through the process
Warning (10631): VHDL Process Statement warning at controlador.vhd(114): inferring latch(es) for signal or variable "ld_MemDados", which holds its previous value in one or more paths through the process
Warning (10631): VHDL Process Statement warning at controlador.vhd(114): inferring latch(es) for signal or variable "pc_increment", which holds its previous value in one or more paths through the process
Warning (10631): VHDL Process Statement warning at controlador.vhd(114): inferring latch(es) for signal or variable "sel_mux5_1", which holds its previous value in one or more paths through the process
Warning (10631): VHDL Process Statement warning at controlador.vhd(114): inferring latch(es) for signal or variable "sel_mux7_1", which holds its previous value in one or more paths through the process
Warning (10631): VHDL Process Statement warning at controlador.vhd(114): inferring latch(es) for signal or variable "sel_mux7_2", which holds its previous value in one or more paths through the process
Warning (10631): VHDL Process Statement warning at controlador.vhd(114): inferring latch(es) for signal or variable "sel_ULA", which holds its previous value in one or more paths through the process
Warning (10631): VHDL Process Statement warning at controlador.vhd(114): inferring latch(es) for signal or variable "wren", which holds its previous value in one or more paths through the process
Warning (10631): VHDL Process Statement warning at controlador.vhd(114): inferring latch(es) for signal or variable "bau", which holds its previous value in one or more paths through the process
Warning (10631): VHDL Process Statement warning at controlador.vhd(114): inferring latch(es) for signal or variable "selmux3", which holds its previous value in one or more paths through the process
Warning (10631): VHDL Process Statement warning at controlador.vhd(114): inferring latch(es) for signal or variable "ativarDados", which holds its previous value in one or more paths through the process
Warning (10631): VHDL Process Statement warning at controlador.vhd(114): inferring latch(es) for signal or variable "sel_mux2_1", which holds its previous value in one or more paths through the process
Info (10041): Inferred latch for "sel_mux2_1" at controlador.vhd(114)
Info (10041): Inferred latch for "ativarDados" at controlador.vhd(114)
Info (10041): Inferred latch for "selmux3" at controlador.vhd(114)
Info (10041): Inferred latch for "bau[0]" at controlador.vhd(114)
Info (10041): Inferred latch for "bau[1]" at controlador.vhd(114)
Info (10041): Inferred latch for "bau[2]" at controlador.vhd(114)
Info (10041): Inferred latch for "bau[3]" at controlador.vhd(114)
Info (10041): Inferred latch for "bau[4]" at controlador.vhd(114)
Info (10041): Inferred latch for "bau[5]" at controlador.vhd(114)
Info (10041): Inferred latch for "bau[6]" at controlador.vhd(114)
Info (10041): Inferred latch for "wren" at controlador.vhd(114)
Info (10041): Inferred latch for "sel_ULA[0]" at controlador.vhd(114)
Info (10041): Inferred latch for "sel_ULA[1]" at controlador.vhd(114)
Info (10041): Inferred latch for "sel_ULA[2]" at controlador.vhd(114)
Info (10041): Inferred latch for "sel_mux7_2[0]" at controlador.vhd(114)
Info (10041): Inferred latch for "sel_mux7_2[1]" at controlador.vhd(114)
Info (10041): Inferred latch for "sel_mux7_2[2]" at controlador.vhd(114)
Info (10041): Inferred latch for "sel_mux7_1[0]" at controlador.vhd(114)
Info (10041): Inferred latch for "sel_mux7_1[1]" at controlador.vhd(114)
Info (10041): Inferred latch for "sel_mux7_1[2]" at controlador.vhd(114)
Info (10041): Inferred latch for "sel_mux5_1[0]" at controlador.vhd(114)
Info (10041): Inferred latch for "sel_mux5_1[1]" at controlador.vhd(114)
Info (10041): Inferred latch for "sel_mux5_1[2]" at controlador.vhd(114)
Info (10041): Inferred latch for "pc_increment" at controlador.vhd(114)
Info (10041): Inferred latch for "ld_MemDados" at controlador.vhd(114)
Info (10041): Inferred latch for "ld_RP" at controlador.vhd(114)
Info (10041): Inferred latch for "ld_RS" at controlador.vhd(114)
Info (10041): Inferred latch for "ld_RE" at controlador.vhd(114)
Info (10041): Inferred latch for "ld_RI" at controlador.vhd(114)
Info (10041): Inferred latch for "ld_PC" at controlador.vhd(114)
Info (10041): Inferred latch for "ld_R6" at controlador.vhd(114)
Info (10041): Inferred latch for "ld_R5" at controlador.vhd(114)
Info (10041): Inferred latch for "ld_R4" at controlador.vhd(114)
Info (10041): Inferred latch for "ld_R3" at controlador.vhd(114)
Info (10041): Inferred latch for "ld_R2" at controlador.vhd(114)
Info (10041): Inferred latch for "ld_R1" at controlador.vhd(114)
Info (10041): Inferred latch for "ld_R0" at controlador.vhd(114)
Warning (13012): Latch ld_PC$latch has unsafe behavior
    Warning (13013): Ports D and ENA on the latch are fed by the same signal state.busca
Warning (13012): Latch ld_RP$latch has unsafe behavior
    Warning (13013): Ports D and ENA on the latch are fed by the same signal state.initial
Warning (13012): Latch ld_RS$latch has unsafe behavior
    Warning (13013): Ports D and ENA on the latch are fed by the same signal state.MOVS
Warning (13012): Latch selmux3$latch has unsafe behavior
    Warning (13013): Ports D and ENA on the latch are fed by the same signal state.add
Warning (13012): Latch pc_increment$latch has unsafe behavior
    Warning (13013): Ports D and ENA on the latch are fed by the same signal state.busca
Warning (13012): Latch ld_MemDados$latch has unsafe behavior
    Warning (13013): Ports D and ENA on the latch are fed by the same signal state.sw
Warning (13012): Latch sel_ULA[0]$latch has unsafe behavior
    Warning (13013): Ports D and ENA on the latch are fed by the same signal state.orr
Warning (13012): Latch sel_ULA[1]$latch has unsafe behavior
    Warning (13013): Ports D and ENA on the latch are fed by the same signal state.andd
Warning (13012): Latch sel_ULA[2]$latch has unsafe behavior
    Warning (13013): Ports D and ENA on the latch are fed by the same signal state.xorr
Warning (13012): Latch bau[0] has unsafe behavior
    Warning (13013): Ports D and ENA on the latch are fed by the same signal WideOr30
Warning (13012): Latch bau[1] has unsafe behavior
    Warning (13013): Ports D and ENA on the latch are fed by the same signal WideOr30
Warning (13012): Latch bau[2] has unsafe behavior
    Warning (13013): Ports D and ENA on the latch are fed by the same signal WideOr30
Warning (13012): Latch bau[3] has unsafe behavior
    Warning (13013): Ports D and ENA on the latch are fed by the same signal WideOr30
Warning (13012): Latch bau[4] has unsafe behavior
    Warning (13013): Ports D and ENA on the latch are fed by the same signal WideOr30
Warning (13012): Latch bau[5] has unsafe behavior
    Warning (13013): Ports D and ENA on the latch are fed by the same signal WideOr30
Warning (13012): Latch bau[6] has unsafe behavior
    Warning (13013): Ports D and ENA on the latch are fed by the same signal WideOr30
Warning (13024): Output pins are stuck at VCC or GND
    Warning (13410): Pin "ativarDados" is stuck at GND
    Warning (13410): Pin "wren" is stuck at GND
    Warning (13410): Pin "sel_mux2_1" is stuck at VCC
    Warning (13410): Pin "reset_RS" is stuck at GND
    Warning (13410): Pin "reset_r0" is stuck at GND
    Warning (13410): Pin "reset_r1" is stuck at GND
    Warning (13410): Pin "reset_r2" is stuck at GND
    Warning (13410): Pin "reset_r3" is stuck at GND
    Warning (13410): Pin "reset_r4" is stuck at GND
    Warning (13410): Pin "reset_r5" is stuck at GND
    Warning (13410): Pin "reset_r6" is stuck at GND
    Warning (13410): Pin "reset_RI" is stuck at GND
    Warning (13410): Pin "reset_RP" is stuck at GND
    Warning (13410): Pin "reset_RE" is stuck at GND
    Warning (13410): Pin "reset_PC" is stuck at GND
    Warning (13410): Pin "MD_addr[0]" is stuck at GND
    Warning (13410): Pin "MD_addr[1]" is stuck at GND
    Warning (13410): Pin "MD_addr[2]" is stuck at GND
    Warning (13410): Pin "MD_addr[3]" is stuck at GND
    Warning (13410): Pin "MD_addr[4]" is stuck at GND
    Warning (13410): Pin "MD_addr[5]" is stuck at GND
    Warning (13410): Pin "MD_addr[6]" is stuck at GND
    Warning (13410): Pin "MD_addr[7]" is stuck at GND
Info (16010): Generating hard_block partition "hard_block:auto_generated_inst"
    Info (16011): Adding 0 node(s), including 0 DDIO, 0 PLL, 0 transceiver and 0 LCELL
Warning (21074): Design contains 2 input pin(s) that do not drive logic
    Warning (15610): No output dependent on input pin "regInstrucao[0]"
    Warning (15610): No output dependent on input pin "regInstrucao[1]"
Info (21057): Implemented 217 device resources after synthesis - the final resource count might be different
    Info (21058): Implemented 20 input pins
    Info (21059): Implemented 50 output pins
    Info (21061): Implemented 147 logic cells
Info: Quartus II 64-Bit Analysis & Synthesis was successful. 0 errors, 219 warnings
    Info: Peak virtual memory: 4635 megabytes
    Info: Processing ended: Fri May 07 13:00:48 2021
    Info: Elapsed time: 00:00:02
    Info: Total CPU time (on all processors): 00:00:02


